[     283ms] [INFO] %cDownload the React DevTools for a better development experience: https://react.dev/link/react-devtools font-weight:bold @ http://localhost:3001/_next/static/chunks/node_modules_next_dist_115brz8._.js:2477
[     304ms] [LOG] [HMR] connected @ http://localhost:3001/_next/static/chunks/node_modules_next_dist_115brz8._.js:2477
[     420ms] [LOG] [Fast Refresh] rebuilding @ http://localhost:3001/_next/static/chunks/node_modules_next_dist_115brz8._.js:2477
[     529ms] [LOG] [Fast Refresh] done in 211ms @ http://localhost:3001/_next/static/chunks/node_modules_next_dist_115brz8._.js:2477
[   91195ms] [LOG] [Fast Refresh] rebuilding @ http://localhost:3001/_next/static/chunks/node_modules_next_dist_115brz8._.js:2477
[   91255ms] [LOG] [Fast Refresh] done in 161ms @ http://localhost:3001/_next/static/chunks/node_modules_next_dist_115brz8._.js:2477
[  117025ms] [LOG] [Fast Refresh] rebuilding @ http://localhost:3001/_next/static/chunks/node_modules_next_dist_115brz8._.js:2477
[  117031ms] [LOG] [Fast Refresh] done in 108ms @ http://localhost:3001/_next/static/chunks/node_modules_next_dist_115brz8._.js:2477
[  144167ms] [LOG] [Fast Refresh] rebuilding @ http://localhost:3001/_next/static/chunks/node_modules_next_dist_115brz8._.js:2477
[  144240ms] [LOG] [Fast Refresh] done in 149ms @ http://localhost:3001/_next/static/chunks/node_modules_next_dist_115brz8._.js:2477
[  149717ms] [LOG] [Fast Refresh] rebuilding @ http://localhost:3001/_next/static/chunks/node_modules_next_dist_115brz8._.js:2477
[  149850ms] [LOG] [Fast Refresh] done in 175ms @ http://localhost:3001/_next/static/chunks/node_modules_next_dist_115brz8._.js:2477
[  168856ms] [LOG] [Fast Refresh] rebuilding @ http://localhost:3001/_next/static/chunks/node_modules_next_dist_115brz8._.js:2477
[  168857ms] [LOG] [Fast Refresh] done in 102ms @ http://localhost:3001/_next/static/chunks/node_modules_next_dist_115brz8._.js:2477
[  180816ms] [ERROR] WebSocket connection to 'ws://localhost:3001/_next/webpack-hmr?id=NgF2uohQQg1cSHuP7ig0G' failed:  @ http://localhost:3001/_next/static/chunks/node_modules_next_dist_client_0fhqo1d._.js:13322
[  181825ms] [ERROR] WebSocket connection to 'ws://localhost:3001/_next/webpack-hmr?id=NgF2uohQQg1cSHuP7ig0G' failed: Error in connection establishment: net::ERR_CONNECTION_REFUSED @ http://localhost:3001/_next/static/chunks/node_modules_next_dist_client_0fhqo1d._.js:13322
[  182827ms] [ERROR] WebSocket connection to 'ws://localhost:3001/_next/webpack-hmr?id=NgF2uohQQg1cSHuP7ig0G' failed: Error in connection establishment: net::ERR_CONNECTION_REFUSED @ http://localhost:3001/_next/static/chunks/node_modules_next_dist_client_0fhqo1d._.js:13322
[  183829ms] [ERROR] WebSocket connection to 'ws://localhost:3001/_next/webpack-hmr?id=NgF2uohQQg1cSHuP7ig0G' failed: Error in connection establishment: net::ERR_CONNECTION_REFUSED @ http://localhost:3001/_next/static/chunks/node_modules_next_dist_client_0fhqo1d._.js:13322
[  184831ms] [ERROR] WebSocket connection to 'ws://localhost:3001/_next/webpack-hmr?id=NgF2uohQQg1cSHuP7ig0G' failed: Error in connection establishment: net::ERR_CONNECTION_REFUSED @ http://localhost:3001/_next/static/chunks/node_modules_next_dist_client_0fhqo1d._.js:13322
[  185836ms] [ERROR] WebSocket connection to 'ws://localhost:3001/_next/webpack-hmr?id=NgF2uohQQg1cSHuP7ig0G' failed: Error in connection establishment: net::ERR_CONNECTION_REFUSED @ http://localhost:3001/_next/static/chunks/node_modules_next_dist_client_0fhqo1d._.js:13322
[  190843ms] [ERROR] WebSocket connection to 'ws://localhost:3001/_next/webpack-hmr?id=NgF2uohQQg1cSHuP7ig0G' failed: Error in connection establishment: net::ERR_CONNECTION_REFUSED @ http://localhost:3001/_next/static/chunks/node_modules_next_dist_client_0fhqo1d._.js:13322
[  195849ms] [ERROR] WebSocket connection to 'ws://localhost:3001/_next/webpack-hmr?id=NgF2uohQQg1cSHuP7ig0G' failed: Error in connection establishment: net::ERR_CONNECTION_REFUSED @ http://localhost:3001/_next/static/chunks/node_modules_next_dist_client_0fhqo1d._.js:13322
[  200871ms] [ERROR] WebSocket connection to 'ws://localhost:3001/_next/webpack-hmr?id=NgF2uohQQg1cSHuP7ig0G' failed: Error in connection establishment: net::ERR_CONNECTION_REFUSED @ http://localhost:3001/_next/static/chunks/node_modules_next_dist_client_0fhqo1d._.js:13322
[  205904ms] [ERROR] WebSocket connection to 'ws://localhost:3001/_next/webpack-hmr?id=NgF2uohQQg1cSHuP7ig0G' failed: Error in connection establishment: net::ERR_CONNECTION_REFUSED @ http://localhost:3001/_next/static/chunks/node_modules_next_dist_client_0fhqo1d._.js:13322
[  210973ms] [ERROR] WebSocket connection to 'ws://localhost:3001/_next/webpack-hmr?id=NgF2uohQQg1cSHuP7ig0G' failed: Error in connection establishment: net::ERR_CONNECTION_REFUSED @ http://localhost:3001/_next/static/chunks/node_modules_next_dist_client_0fhqo1d._.js:13322
[  216087ms] [ERROR] WebSocket connection to 'ws://localhost:3001/_next/webpack-hmr?id=NgF2uohQQg1cSHuP7ig0G' failed: Error in connection establishment: net::ERR_CONNECTION_REFUSED @ http://localhost:3001/_next/static/chunks/node_modules_next_dist_client_0fhqo1d._.js:13322
[  221360ms] [ERROR] WebSocket connection to 'ws://localhost:3001/_next/webpack-hmr?id=NgF2uohQQg1cSHuP7ig0G' failed: Error in connection establishment: net::ERR_CONNECTION_REFUSED @ http://localhost:3001/_next/static/chunks/node_modules_next_dist_client_0fhqo1d._.js:13322
